<?xml version="1.0" encoding="UTF-8"?>
<!-- Generated by org.testng.reporters.JUnitReportReporter -->
<testsuite hostname="DESKTOP-AO4ITDE" failures="0" tests="5" name="testCases.TC_003_LoginDDT" time="38.391" errors="0" timestamp="2024-04-13T13:44:47 IST" skipped="0">
  <testcase classname="testCases.TC_003_LoginDDT" name="verify_Login_DDT" time="2.492"/>
  <testcase classname="testCases.TC_003_LoginDDT" name="verify_Login_DDT" time="11.436"/>
  <testcase classname="testCases.TC_003_LoginDDT" name="verify_Login_DDT" time="1.743"/>
  <testcase classname="testCases.TC_003_LoginDDT" name="verify_Login_DDT" time="11.345"/>
  <testcase classname="testCases.TC_003_LoginDDT" name="verify_Login_DDT" time="11.375"/>
</testsuite> <!-- testCases.TC_003_LoginDDT -->
