<?xml version="1.0" encoding="UTF-8"?>
<!-- Generated by org.testng.reporters.JUnitReportReporter -->
<testsuite hostname="DESKTOP-AO4ITDE" failures="0" tests="1" name="testCases.TC_002_LoginTest" time="2.103" errors="0" timestamp="2024-04-13T13:44:47 IST" skipped="0">
  <testcase classname="testCases.TC_002_LoginTest" name="verify_login_test" time="2.103"/>
</testsuite> <!-- testCases.TC_002_LoginTest -->
